#
# There is insufficient memory for the Java Runtime Environment to continue.
# Native memory allocation (malloc) failed to allocate 1146736 bytes for Chunk::new
# Possible reasons:
#   The system is out of physical RAM or swap space
#   In 32 bit mode, the process size limit was hit
# Possible solutions:
#   Reduce memory load on the system
#   Increase physical memory or swap space
#   Check if swap backing store is full
#   Use 64 bit Java on a 64 bit OS
#   Decrease Java heap size (-Xmx/-Xms)
#   Decrease number of Java threads
#   Decrease Java thread stack sizes (-Xss)
#   Set larger code cache with -XX:ReservedCodeCacheSize=
# This output file may be truncated or incomplete.
#
#  Out of Memory Error (allocation.cpp:390), pid=9568, tid=0x0000000000000c18
#
# JRE version: OpenJDK Runtime Environment (8.0_152-b01) (build 1.8.0_152-release-915-b01)
# Java VM: OpenJDK 64-Bit Server VM (25.152-b01 mixed mode windows-amd64 compressed oops)
# Failed to write core dump. Minidumps are not enabled by default on client versions of Windows
#

---------------  T H R E A D  ---------------

Current thread (0x0000000017ea8800):  JavaThread "C2 CompilerThread0" daemon [_thread_in_native, id=3096, stack(0x00000000195f0000,0x00000000196f0000)]

Stack: [0x00000000195f0000,0x00000000196f0000]
[error occurred during error reporting (printing stack bounds), id 0xc0000005]

Native frames: (J=compiled Java code, j=interpreted, Vv=VM code, C=native code)


Current CompileTask:
C2:6804053 28845 %     4       com.android.dx.ssa.ConstCollector::updateConstUses @ 20 (208 bytes)


---------------  P R O C E S S  ---------------

Java Threads: ( => current thread )
  0x000000001e597000 JavaThread "ForkJoinPool.commonPool-worker-5" daemon [_thread_blocked, id=7784, stack(0x0000000063da0000,0x0000000063ea0000)]
  0x000000001e595000 JavaThread "ForkJoinPool.commonPool-worker-12" daemon [_thread_blocked, id=11656, stack(0x0000000063ca0000,0x0000000063da0000)]
  0x000000001e58c000 JavaThread "ForkJoinPool.commonPool-worker-3" daemon [_thread_blocked, id=1708, stack(0x0000000063ba0000,0x0000000063ca0000)]
  0x000000001e58f000 JavaThread "build operations Thread 4" [_thread_blocked, id=3456, stack(0x00000000627a0000,0x00000000628a0000)]
  0x000000001e58a800 JavaThread "build operations Thread 3" [_thread_blocked, id=8340, stack(0x00000000626a0000,0x00000000627a0000)]
  0x000000001e589800 JavaThread "build operations Thread 2" [_thread_blocked, id=12936, stack(0x00000000625a0000,0x00000000626a0000)]
  0x000000001e58e000 JavaThread "build operations" [_thread_blocked, id=9424, stack(0x00000000624a0000,0x00000000625a0000)]
  0x000000001aec1800 JavaThread "Cache worker for Artifact transforms cache (D:\systems\.gradle\caches\transforms-1)" [_thread_blocked, id=8608, stack(0x00000000623a0000,0x00000000624a0000)]
  0x000000001aec0800 JavaThread "Cache worker for file hash cache (D:\Gramma\.gradle\4.1\fileHashes)" [_thread_blocked, id=4992, stack(0x00000000622a0000,0x00000000623a0000)]
  0x000000001aec0000 JavaThread "Stdin handler" [_thread_blocked, id=10196, stack(0x00000000621a0000,0x00000000622a0000)]
  0x000000001aec3000 JavaThread "Cancel handler" [_thread_blocked, id=12340, stack(0x0000000061fa0000,0x00000000620a0000)]
  0x000000001aec2000 JavaThread "Handler for socket connection from /127.0.0.1:2811 to /127.0.0.1:4621" [_thread_in_native, id=8528, stack(0x0000000061ea0000,0x0000000061fa0000)]
  0x000000001a478000 JavaThread "ForkJoinPool.commonPool-worker-1" daemon [_thread_blocked, id=10304, stack(0x0000000061ba0000,0x0000000061ca0000)]
  0x000000001e4bf000 JavaThread "Daemon worker Thread 8" [_thread_in_native, id=10264, stack(0x000000005ada0000,0x000000005aea0000)]
  0x000000001e4ba800 JavaThread "Daemon Thread 8" [_thread_blocked, id=6980, stack(0x000000005aaa0000,0x000000005aba0000)]
  0x000000001a475000 JavaThread "Java2D Disposer" daemon [_thread_blocked, id=12424, stack(0x0000000039ca0000,0x0000000039da0000)]
  0x000000001aebe800 JavaThread "Memory manager" [_thread_blocked, id=5752, stack(0x00000000226e0000,0x00000000227e0000)]
  0x000000001a47a800 JavaThread "File lock request listener" [_thread_in_native, id=8864, stack(0x000000001c840000,0x000000001c940000)]
  0x000000001a474800 JavaThread "Cache worker for file hash cache (D:\systems\.gradle\caches\4.1\fileHashes)" [_thread_blocked, id=7732, stack(0x000000001c740000,0x000000001c840000)]
  0x000000001a798800 JavaThread "Daemon periodic checks" [_thread_blocked, id=12916, stack(0x000000001be40000,0x000000001bf40000)]
  0x000000001a8ea800 JavaThread "Incoming local TCP Connector on port 2811" [_thread_in_native, id=6076, stack(0x000000001bc00000,0x000000001bd00000)]
  0x000000001981b800 JavaThread "Service Thread" daemon [_thread_blocked, id=11804, stack(0x0000000019cf0000,0x0000000019df0000)]
  0x00000000197f0800 JavaThread "C1 CompilerThread2" daemon [_thread_blocked, id=10208, stack(0x0000000019bf0000,0x0000000019cf0000)]
  0x0000000017eac000 JavaThread "C2 CompilerThread1" daemon [_thread_in_native, id=6652, stack(0x00000000196f0000,0x00000000197f0000)]
=>0x0000000017ea8800 JavaThread "C2 CompilerThread0" daemon [_thread_in_native, id=3096, stack(0x00000000195f0000,0x00000000196f0000)]
  0x0000000017ea7000 JavaThread "Attach Listener" daemon [_thread_blocked, id=11256, stack(0x00000000194f0000,0x00000000195f0000)]
  0x0000000017ef2800 JavaThread "Signal Dispatcher" daemon [_thread_blocked, id=1112, stack(0x00000000193f0000,0x00000000194f0000)]
  0x000000000452c000 JavaThread "Finalizer" daemon [_thread_blocked, id=9792, stack(0x0000000019100000,0x0000000019200000)]
  0x0000000004521000 JavaThread "Reference Handler" daemon [_thread_blocked, id=12472, stack(0x0000000019000000,0x0000000019100000)]
  0x000000000428e800 JavaThread "main" [_thread_blocked, id=7324, stack(0x0000000004330000,0x0000000004430000)]

Other Threads:
  0x0000000017e66800 VMThread [stack: 0x0000000018f00000,0x0000000019000000] [id=9908]
  0x000000001981c800 WatcherThread [stack: 0x0000000019df0000,0x0000000019ef0000] [id=5808]

VM state:not at safepoint (normal execution)

VM Mutex/Monitor currently owned by a thread: None

Heap:
 PSYoungGen      total 458752K, used 207467K [0x00000000e0000000, 0x00000000ffe00000, 0x0000000100000000)
  eden space 397312K, 49% used [0x00000000e0000000,0x00000000ebe9bb60,0x00000000f8400000)
  from space 61440K, 19% used [0x00000000fbf80000,0x00000000fcb7f350,0x00000000ffb80000)
  to   space 60928K, 0% used [0x00000000f8400000,0x00000000f8400000,0x00000000fbf80000)
 ParOldGen       total 241664K, used 139269K [0x00000000a0000000, 0x00000000aec00000, 0x00000000e0000000)
  object space 241664K, 57% used [0x00000000a0000000,0x00000000a8801640,0x00000000aec00000)
 Metaspace       used 111400K, capacity 121590K, committed 121856K, reserved 1155072K
  class space    used 14051K, capacity 16267K, committed 16384K, reserved 1048576K

Card table byte_map: [0x00000000138f0000,0x0000000013c00000] byte_map_base: 0x00000000133f0000

Marking Bits: (ParMarkBitMap*) 0x0000000065363950
 Begin Bits: [0x0000000014200000, 0x0000000015a00000)
 End Bits:   [0x0000000015a00000, 0x0000000017200000)

Polling page: 0x0000000004240000

CodeCache: size=245760Kb used=82185Kb max_used=82199Kb free=163574Kb
 bounds [0x0000000004530000, 0x0000000009600000, 0x0000000013530000]
 total_blobs=22981 nmethods=22015 adapters=877
 compilation: enabled

Compilation events (10 events):
Event: 6803.600 Thread 0x0000000017eac000 nmethod 28837 0x00000000095e9a50 code [0x00000000095e9c80, 0x00000000095ea8d0]
Event: 6803.601 Thread 0x0000000017eac000 28843 %     4       com.android.dx.ssa.ConstCollector::getConstsSortedByCountUse @ 27 (337 bytes)
Event: 6803.667 Thread 0x00000000197f0800 28856       2       com.android.dx.rop.annotation.Annotations::combine (24 bytes)
Event: 6803.668 Thread 0x00000000197f0800 nmethod 28856 0x0000000009561c50 code [0x0000000009561dc0, 0x0000000009562018]
Event: 6803.675 Thread 0x00000000197f0800 28857       2       sun.security.jca.GetInstance$Instance::<init> (7 bytes)
Event: 6803.675 Thread 0x00000000197f0800 nmethod 28857 0x00000000095d5090 code [0x00000000095d51e0, 0x00000000095d5350]
Event: 6803.675 Thread 0x00000000197f0800 28858       2       sun.security.jca.GetInstance$Instance::<init> (15 bytes)
Event: 6803.675 Thread 0x00000000197f0800 nmethod 28858 0x0000000009571c10 code [0x0000000009571d60, 0x0000000009571ed0]
Event: 6803.714 Thread 0x00000000197f0800 28860       2       com.android.builder.dexing.DexArchives::fromInput (30 bytes)
Event: 6803.714 Thread 0x00000000197f0800 nmethod 28860 0x00000000095c1210 code [0x00000000095c13a0, 0x00000000095c1678]

GC Heap History (10 events):
Event: 6749.945 GC heap before
{Heap before GC invocations=50 (full 4):
 PSYoungGen      total 404992K, used 404559K [0x00000000e0000000, 0x0000000100000000, 0x0000000100000000)
  eden space 399360K, 100% used [0x00000000e0000000,0x00000000f8600000,0x00000000f8600000)
  from space 5632K, 92% used [0x00000000f8600000,0x00000000f8b13f58,0x00000000f8b80000)
  to   space 65536K, 0% used [0x00000000fc000000,0x00000000fc000000,0x0000000100000000)
 ParOldGen       total 241664K, used 135285K [0x00000000a0000000, 0x00000000aec00000, 0x00000000e0000000)
  object space 241664K, 55% used [0x00000000a0000000,0x00000000a841d540,0x00000000aec00000)
 Metaspace       used 110929K, capacity 120878K, committed 121216K, reserved 1155072K
  class space    used 14009K, capacity 16153K, committed 16256K, reserved 1048576K
Event: 6749.960 GC heap after
Heap after GC invocations=50 (full 4):
 PSYoungGen      total 458752K, used 13280K [0x00000000e0000000, 0x0000000100000000, 0x0000000100000000)
  eden space 393216K, 0% used [0x00000000e0000000,0x00000000e0000000,0x00000000f8000000)
  from space 65536K, 20% used [0x00000000fc000000,0x00000000fccf80c0,0x0000000100000000)
  to   space 65536K, 0% used [0x00000000f8000000,0x00000000f8000000,0x00000000fc000000)
 ParOldGen       total 241664K, used 136437K [0x00000000a0000000, 0x00000000aec00000, 0x00000000e0000000)
  object space 241664K, 56% used [0x00000000a0000000,0x00000000a853d5a0,0x00000000aec00000)
 Metaspace       used 110929K, capacity 120878K, committed 121216K, reserved 1155072K
  class space    used 14009K, capacity 16153K, committed 16256K, reserved 1048576K
}
Event: 6782.850 GC heap before
{Heap before GC invocations=51 (full 4):
 PSYoungGen      total 458752K, used 406496K [0x00000000e0000000, 0x0000000100000000, 0x0000000100000000)
  eden space 393216K, 100% used [0x00000000e0000000,0x00000000f8000000,0x00000000f8000000)
  from space 65536K, 20% used [0x00000000fc000000,0x00000000fccf80c0,0x0000000100000000)
  to   space 65536K, 0% used [0x00000000f8000000,0x00000000f8000000,0x00000000fc000000)
 ParOldGen       total 241664K, used 136437K [0x00000000a0000000, 0x00000000aec00000, 0x00000000e0000000)
  object space 241664K, 56% used [0x00000000a0000000,0x00000000a853d5a0,0x00000000aec00000)
 Metaspace       used 111129K, capacity 121238K, committed 121472K, reserved 1155072K
  class space    used 14025K, capacity 16201K, committed 16256K, reserved 1048576K
Event: 6782.874 GC heap after
Heap after GC invocations=51 (full 4):
 PSYoungGen      total 410624K, used 17328K [0x00000000e0000000, 0x00000000fff00000, 0x0000000100000000)
  eden space 393216K, 0% used [0x00000000e0000000,0x00000000e0000000,0x00000000f8000000)
  from space 17408K, 99% used [0x00000000f8000000,0x00000000f90ec1b0,0x00000000f9100000)
  to   space 65024K, 0% used [0x00000000fbf80000,0x00000000fbf80000,0x00000000fff00000)
 ParOldGen       total 241664K, used 136813K [0x00000000a0000000, 0x00000000aec00000, 0x00000000e0000000)
  object space 241664K, 56% used [0x00000000a0000000,0x00000000a859b5a0,0x00000000aec00000)
 Metaspace       used 111129K, capacity 121238K, committed 121472K, reserved 1155072K
  class space    used 14025K, capacity 16201K, committed 16256K, reserved 1048576K
}
Event: 6785.012 GC heap before
{Heap before GC invocations=52 (full 4):
 PSYoungGen      total 410624K, used 410544K [0x00000000e0000000, 0x00000000fff00000, 0x0000000100000000)
  eden space 393216K, 100% used [0x00000000e0000000,0x00000000f8000000,0x00000000f8000000)
  from space 17408K, 99% used [0x00000000f8000000,0x00000000f90ec1b0,0x00000000f9100000)
  to   space 65024K, 0% used [0x00000000fbf80000,0x00000000fbf80000,0x00000000fff00000)
 ParOldGen       total 241664K, used 136813K [0x00000000a0000000, 0x00000000aec00000, 0x00000000e0000000)
  object space 241664K, 56% used [0x00000000a0000000,0x00000000a859b5a0,0x00000000aec00000)
 Metaspace       used 111143K, capacity 121238K, committed 121472K, reserved 1155072K
  class space    used 14025K, capacity 16201K, committed 16256K, reserved 1048576K
Event: 6785.030 GC heap after
Heap after GC invocations=52 (full 4):
 PSYoungGen      total 460800K, used 23368K [0x00000000e0000000, 0x0000000100000000, 0x0000000100000000)
  eden space 395776K, 0% used [0x00000000e0000000,0x00000000e0000000,0x00000000f8280000)
  from space 65024K, 35% used [0x00000000fbf80000,0x00000000fd652228,0x00000000fff00000)
  to   space 62464K, 0% used [0x00000000f8280000,0x00000000f8280000,0x00000000fbf80000)
 ParOldGen       total 241664K, used 138301K [0x00000000a0000000, 0x00000000aec00000, 0x00000000e0000000)
  object space 241664K, 57% used [0x00000000a0000000,0x00000000a870f5d0,0x00000000aec00000)
 Metaspace       used 111143K, capacity 121238K, committed 121472K, reserved 1155072K
  class space    used 14025K, capacity 16201K, committed 16256K, reserved 1048576K
}
Event: 6785.798 GC heap before
{Heap before GC invocations=53 (full 4):
 PSYoungGen      total 460800K, used 418757K [0x00000000e0000000, 0x0000000100000000, 0x0000000100000000)
  eden space 395776K, 99% used [0x00000000e0000000,0x00000000f821f418,0x00000000f8280000)
  from space 65024K, 35% used [0x00000000fbf80000,0x00000000fd652228,0x00000000fff00000)
  to   space 62464K, 0% used [0x00000000f8280000,0x00000000f8280000,0x00000000fbf80000)
 ParOldGen       total 241664K, used 138301K [0x00000000a0000000, 0x00000000aec00000, 0x00000000e0000000)
  object space 241664K, 57% used [0x00000000a0000000,0x00000000a870f5d0,0x00000000aec00000)
 Metaspace       used 111175K, capacity 121244K, committed 121472K, reserved 1155072K
  class space    used 14025K, capacity 16202K, committed 16256K, reserved 1048576K
Event: 6785.815 GC heap after
Heap after GC invocations=53 (full 4):
 PSYoungGen      total 458240K, used 17453K [0x00000000e0000000, 0x00000000ffb80000, 0x0000000100000000)
  eden space 395776K, 0% used [0x00000000e0000000,0x00000000e0000000,0x00000000f8280000)
  from space 62464K, 27% used [0x00000000f8280000,0x00000000f938b5d8,0x00000000fbf80000)
  to   space 61440K, 0% used [0x00000000fbf80000,0x00000000fbf80000,0x00000000ffb80000)
 ParOldGen       total 241664K, used 138613K [0x00000000a0000000, 0x00000000aec00000, 0x00000000e0000000)
  object space 241664K, 57% used [0x00000000a0000000,0x00000000a875d5d0,0x00000000aec00000)
 Metaspace       used 111175K, capacity 121244K, committed 121472K, reserved 1155072K
  class space    used 14025K, capacity 16202K, committed 16256K, reserved 1048576K
}
Event: 6799.714 GC heap before
{Heap before GC invocations=54 (full 4):
 PSYoungGen      total 458240K, used 413122K [0x00000000e0000000, 0x00000000ffb80000, 0x0000000100000000)
  eden space 395776K, 99% used [0x00000000e0000000,0x00000000f82652a0,0x00000000f8280000)
  from space 62464K, 27% used [0x00000000f8280000,0x00000000f938b5d8,0x00000000fbf80000)
  to   space 61440K, 0% used [0x00000000fbf80000,0x00000000fbf80000,0x00000000ffb80000)
 ParOldGen       total 241664K, used 138613K [0x00000000a0000000, 0x00000000aec00000, 0x00000000e0000000)
  object space 241664K, 57% used [0x00000000a0000000,0x00000000a875d5d0,0x00000000aec00000)
 Metaspace       used 111328K, capacity 121510K, committed 121856K, reserved 1155072K
  class space    used 14049K, capacity 16265K, committed 16384K, reserved 1048576K
Event: 6799.741 GC heap after
Heap after GC invocations=54 (full 4):
 PSYoungGen      total 458752K, used 12284K [0x00000000e0000000, 0x00000000ffe00000, 0x0000000100000000)
  eden space 397312K, 0% used [0x00000000e0000000,0x00000000e0000000,0x00000000f8400000)
  from space 61440K, 19% used [0x00000000fbf80000,0x00000000fcb7f350,0x00000000ffb80000)
  to   space 60928K, 0% used [0x00000000f8400000,0x00000000f8400000,0x00000000fbf80000)
 ParOldGen       total 241664K, used 139269K [0x00000000a0000000, 0x00000000aec00000, 0x00000000e0000000)
  object space 241664K, 57% used [0x00000000a0000000,0x00000000a8801640,0x00000000aec00000)
 Metaspace       used 111328K, capacity 121510K, committed 121856K, reserved 1155072K
  class space    used 14049K, capacity 16265K, committed 16384K, reserved 1048576K
}

Deoptimization events (10 events):
Event: 6783.746 Thread 0x000000001a479800 Uncommon trap: reason=array_check action=maybe_recompile pc=0x00000000089ebf00 method=java.util.TimSort.mergeLo(IIII)V @ 81
Event: 6783.746 Thread 0x000000001a479800 Uncommon trap: reason=array_check action=maybe_recompile pc=0x00000000089ebf00 method=java.util.TimSort.mergeLo(IIII)V @ 81
Event: 6785.900 Thread 0x000000001e4bf000 Uncommon trap: reason=unstable_if action=reinterpret pc=0x0000000006edb070 method=java.util.concurrent.ConcurrentHashMap.addCount(JI)V @ 7
Event: 6802.466 Thread 0x000000001a478000 Uncommon trap: reason=unstable_if action=reinterpret pc=0x0000000009289a50 method=com.android.dx.dex.file.ValueEncoder.constantToValueType(Lcom/android/dx/rop/cst/Constant;)I @ 40
Event: 6802.506 Thread 0x000000001e595000 Uncommon trap: reason=array_check action=maybe_recompile pc=0x0000000007045dcc method=java.util.ComparableTimSort.mergeLo(IIII)V @ 81
Event: 6803.425 Thread 0x000000001e595000 Uncommon trap: reason=class_check action=maybe_recompile pc=0x0000000008c583d0 method=com.android.dx.ssa.DomFront.calcDomFronts()V @ 101
Event: 6803.691 Thread 0x000000001a478000 Uncommon trap: reason=unloaded action=reinterpret pc=0x0000000006231d98 method=sun.nio.fs.WindowsDirectoryStream$WindowsDirectoryIterator.readNextEntry()Ljava/nio/file/Path; @ 114
Event: 6803.693 Thread 0x000000001e595000 Uncommon trap: reason=unloaded action=reinterpret pc=0x0000000006231d98 method=sun.nio.fs.WindowsDirectoryStream$WindowsDirectoryIterator.readNextEntry()Ljava/nio/file/Path; @ 114
Event: 6803.715 Thread 0x000000001e597000 Uncommon trap: reason=unloaded action=reinterpret pc=0x0000000006231d98 method=sun.nio.fs.WindowsDirectoryStream$WindowsDirectoryIterator.readNextEntry()Ljava/nio/file/Path; @ 114
Event: 6803.717 Thread 0x000000001e58c000 Uncommon trap: reason=unloaded action=reinterpret pc=0x0000000006231d98 method=sun.nio.fs.WindowsDirectoryStream$WindowsDirectoryIterator.readNextEntry()Ljava/nio/file/Path; @ 114

Classes redefined (0 events):
No events

Internal exceptions (10 events):
Event: 6803.711 Thread 0x000000001e58c000 Exception <a 'sun/nio/fs/WindowsException'> (0x00000000eb836f90) thrown at [D:\src\AOSP-openjdk-cygwin\jdk8u\hotspot\src\share\vm\prims\jni.cpp, line 709]
Event: 6803.713 Thread 0x000000001e597000 Exception <a 'sun/nio/fs/WindowsException'> (0x00000000eb8b4f08) thrown at [D:\src\AOSP-openjdk-cygwin\jdk8u\hotspot\src\share\vm\prims\jni.cpp, line 709]
Event: 6803.713 Thread 0x000000001e597000 Exception <a 'java/io/IOException'> (0x00000000eb8b78e8) thrown at [D:\src\AOSP-openjdk-cygwin\jdk8u\hotspot\src\share\vm\prims\jni.cpp, line 709]
Event: 6803.713 Thread 0x000000001e597000 Exception <a 'java/io/IOException'> (0x00000000eb8b7c00) thrown at [D:\src\AOSP-openjdk-cygwin\jdk8u\hotspot\src\share\vm\prims\jni.cpp, line 709]
Event: 6803.713 Thread 0x000000001e58c000 Exception <a 'sun/nio/fs/WindowsException'> (0x00000000eb848760) thrown at [D:\src\AOSP-openjdk-cygwin\jdk8u\hotspot\src\share\vm\prims\jni.cpp, line 709]
Event: 6803.714 Thread 0x000000001e597000 Exception <a 'sun/nio/fs/WindowsException'> (0x00000000eb8e5900) thrown at [D:\src\AOSP-openjdk-cygwin\jdk8u\hotspot\src\share\vm\prims\jni.cpp, line 709]
Event: 6803.714 Thread 0x000000001e597000 Exception <a 'java/io/IOException'> (0x00000000eb8e82e0) thrown at [D:\src\AOSP-openjdk-cygwin\jdk8u\hotspot\src\share\vm\prims\jni.cpp, line 709]
Event: 6803.714 Thread 0x000000001e597000 Exception <a 'java/io/IOException'> (0x00000000eb8e85f8) thrown at [D:\src\AOSP-openjdk-cygwin\jdk8u\hotspot\src\share\vm\prims\jni.cpp, line 709]
Event: 6803.715 Thread 0x000000001e597000 Exception <a 'sun/nio/fs/WindowsException'> (0x00000000eb9380c8) thrown at [D:\src\AOSP-openjdk-cygwin\jdk8u\hotspot\src\share\vm\prims\jni.cpp, line 709]
Event: 6803.716 Thread 0x000000001e58c000 Exception <a 'sun/nio/fs/WindowsException'> (0x00000000eb84bd10) thrown at [D:\src\AOSP-openjdk-cygwin\jdk8u\hotspot\src\share\vm\prims\jni.cpp, line 709]

Events (10 events):
Event: 6803.691 loading class java/nio/file/DirectoryIteratorException
Event: 6803.693 Thread 0x000000001e595000 Uncommon trap: trap_request=0x00000016 fr.pc=0x0000000006231d98
Event: 6803.693 Executing VM operation: RevokeBias
Event: 6803.693 Executing VM operation: RevokeBias done
Event: 6803.715 Thread 0x000000001e597000 Uncommon trap: trap_request=0x00000016 fr.pc=0x0000000006231d98
Event: 6803.715 Executing VM operation: RevokeBias
Event: 6803.715 Executing VM operation: RevokeBias done
Event: 6803.716 Thread 0x000000001e58c000 Uncommon trap: trap_request=0x00000016 fr.pc=0x0000000006231d98
Event: 6803.716 Executing VM operation: RevokeBias
Event: 6803.717 Executing VM operation: RevokeBias done


Dynamic libraries:
0x00007ff6c5a70000 - 0x00007ff6c5aa1000 	C:\Program Files\Android\Android Studio\jre\bin\java.exe
0x00007ffa86330000 - 0x00007ffa86510000 	C:\WINDOWS\SYSTEM32\ntdll.dll
0x00007ffa83b00000 - 0x00007ffa83bae000 	C:\WINDOWS\System32\KERNEL32.DLL
0x00007ffa82880000 - 0x00007ffa82ae6000 	C:\WINDOWS\System32\KERNELBASE.dll
0x00007ffa83800000 - 0x00007ffa838a1000 	C:\WINDOWS\System32\ADVAPI32.dll
0x00007ffa838b0000 - 0x00007ffa8394d000 	C:\WINDOWS\System32\msvcrt.dll
0x00007ffa85ff0000 - 0x00007ffa8604b000 	C:\WINDOWS\System32\sechost.dll
0x00007ffa83ec0000 - 0x00007ffa83fdf000 	C:\WINDOWS\System32\RPCRT4.dll
0x00007ffa841a0000 - 0x00007ffa8432f000 	C:\WINDOWS\System32\USER32.dll
0x00007ffa82c90000 - 0x00007ffa82cb0000 	C:\WINDOWS\System32\win32u.dll
0x00007ffa86160000 - 0x00007ffa86188000 	C:\WINDOWS\System32\GDI32.dll
0x00007ffa82af0000 - 0x00007ffa82c83000 	C:\WINDOWS\System32\gdi32full.dll
0x00007ffa82cb0000 - 0x00007ffa82d4b000 	C:\WINDOWS\System32\msvcp_win.dll
0x00007ffa82780000 - 0x00007ffa82876000 	C:\WINDOWS\System32\ucrtbase.dll
0x00007ffa66c30000 - 0x00007ffa66e99000 	C:\WINDOWS\WinSxS\amd64_microsoft.windows.common-controls_6595b64144ccf1df_6.0.16299.125_none_15cbcf8893620c09\COMCTL32.dll
0x00007ffa83bb0000 - 0x00007ffa83eb8000 	C:\WINDOWS\System32\combase.dll
0x00007ffa82e00000 - 0x00007ffa82e72000 	C:\WINDOWS\System32\bcryptPrimitives.dll
0x00007ffa84b70000 - 0x00007ffa84b9d000 	C:\WINDOWS\System32\IMM32.DLL
0x0000000064ac0000 - 0x0000000064b92000 	C:\Program Files\Android\Android Studio\jre\jre\bin\msvcr100.dll
0x0000000064ba0000 - 0x00000000653de000 	C:\Program Files\Android\Android Studio\jre\jre\bin\server\jvm.dll
0x00007ffa83fe0000 - 0x00007ffa83fe8000 	C:\WINDOWS\System32\PSAPI.DLL
0x00007ffa74720000 - 0x00007ffa7472a000 	C:\WINDOWS\SYSTEM32\VERSION.dll
0x00007ffa7cf80000 - 0x00007ffa7cfa3000 	C:\WINDOWS\SYSTEM32\WINMM.dll
0x00007ffa73bb0000 - 0x00007ffa73bb9000 	C:\WINDOWS\SYSTEM32\WSOCK32.dll
0x00007ffa84440000 - 0x00007ffa844ac000 	C:\WINDOWS\System32\WS2_32.dll
0x00007ffa7cf20000 - 0x00007ffa7cf4a000 	C:\WINDOWS\SYSTEM32\winmmbase.dll
0x00007ffa82730000 - 0x00007ffa8277a000 	C:\WINDOWS\System32\cfgmgr32.dll
0x00007ffa7f3c0000 - 0x00007ffa7f3cf000 	C:\Program Files\Android\Android Studio\jre\jre\bin\verify.dll
0x00007ffa7f390000 - 0x00007ffa7f3b9000 	C:\Program Files\Android\Android Studio\jre\jre\bin\java.dll
0x00007ffa66b60000 - 0x00007ffa66b76000 	C:\Program Files\Android\Android Studio\jre\jre\bin\zip.dll
0x00007ffa84bb0000 - 0x00007ffa85fe6000 	C:\WINDOWS\System32\SHELL32.dll
0x00007ffa860b0000 - 0x00007ffa86156000 	C:\WINDOWS\System32\shcore.dll
0x00007ffa83050000 - 0x00007ffa83797000 	C:\WINDOWS\System32\windows.storage.dll
0x00007ffa84140000 - 0x00007ffa84191000 	C:\WINDOWS\System32\shlwapi.dll
0x00007ffa82710000 - 0x00007ffa82721000 	C:\WINDOWS\System32\kernel.appcore.dll
0x00007ffa82680000 - 0x00007ffa826cc000 	C:\WINDOWS\System32\powrprof.dll
0x00007ffa826d0000 - 0x00007ffa826eb000 	C:\WINDOWS\System32\profapi.dll
0x00007ffa633a0000 - 0x00007ffa633ba000 	C:\Program Files\Android\Android Studio\jre\jre\bin\net.dll
0x00007ffa81f10000 - 0x00007ffa81f76000 	C:\WINDOWS\system32\mswsock.dll
0x00007ffa60250000 - 0x00007ffa60261000 	C:\Program Files\Android\Android Studio\jre\jre\bin\nio.dll
0x00007ffa77150000 - 0x00007ffa7716e000 	D:\systems\.gradle\native\25\windows-amd64\native-platform.dll
0x00007ffa7c540000 - 0x00007ffa7c54d000 	C:\Program Files\Android\Android Studio\jre\jre\bin\management.dll
0x00007ffa820d0000 - 0x00007ffa820e7000 	C:\WINDOWS\SYSTEM32\CRYPTSP.dll
0x00007ffa81ac0000 - 0x00007ffa81af3000 	C:\WINDOWS\system32\rsaenh.dll
0x00007ffa821e0000 - 0x00007ffa82205000 	C:\WINDOWS\SYSTEM32\bcrypt.dll
0x00007ffa825b0000 - 0x00007ffa825d9000 	C:\WINDOWS\SYSTEM32\USERENV.dll
0x00007ffa820f0000 - 0x00007ffa820fb000 	C:\WINDOWS\SYSTEM32\CRYPTBASE.dll
0x00007ffa81ca0000 - 0x00007ffa81cd9000 	C:\WINDOWS\SYSTEM32\IPHLPAPI.DLL
0x00007ffa84ba0000 - 0x00007ffa84ba8000 	C:\WINDOWS\System32\NSI.dll
0x00007ffa7c700000 - 0x00007ffa7c716000 	C:\WINDOWS\SYSTEM32\dhcpcsvc6.DLL
0x00007ffa7c6e0000 - 0x00007ffa7c6fa000 	C:\WINDOWS\SYSTEM32\dhcpcsvc.DLL
0x00007ffa460c0000 - 0x00007ffa46255000 	C:\Program Files\Android\Android Studio\jre\jre\bin\awt.dll
0x00007ffa844b0000 - 0x00007ffa84575000 	C:\WINDOWS\System32\OLEAUT32.dll
0x00007ffa7f870000 - 0x00007ffa7fe28000 	C:\WINDOWS\SYSTEM32\d2d1.dll
0x00007ffa82e80000 - 0x00007ffa8304e000 	C:\WINDOWS\System32\CRYPT32.dll
0x00007ffa826f0000 - 0x00007ffa82702000 	C:\WINDOWS\System32\MSASN1.dll
0x00007ffa80730000 - 0x00007ffa807b8000 	C:\WINDOWS\SYSTEM32\apphelp.dll
0x00007ffa80b20000 - 0x00007ffa80b4a000 	C:\WINDOWS\system32\DWMAPI.DLL
0x00007ffa808f0000 - 0x00007ffa80985000 	C:\WINDOWS\system32\uxtheme.dll
0x00007ffa817c0000 - 0x00007ffa817f1000 	C:\WINDOWS\SYSTEM32\ntmarta.dll

VM Arguments:
jvm_args: -Xmx1536m -Dfile.encoding=x-windows-874 -Duser.country=US -Duser.language=en -Duser.variant 
java_command: org.gradle.launcher.daemon.bootstrap.GradleDaemon 4.1
java_class_path (initial): D:\systems\.gradle\wrapper\dists\gradle-4.1-all\bzyivzo6n839fup2jbap0tjew\gradle-4.1\lib\gradle-launcher-4.1.jar
Launcher Type: SUN_STANDARD

Environment Variables:
JAVA_HOME=C:\Program Files\Java\jdk1.8.0_144
PATH=C:\Python3\;C:\Python3\Scripts;C:\WinAVR-20100110\bin;C:\WinAVR-20100110\utils\bin;C:\ProgramData\Oracle\Java\javapath;C:\WINDOWS\system32;C:\WINDOWS;C:\WINDOWS\System32\Wbem;C:\WINDOWS\System32\WindowsPowerShell\v1.0\;C:\Program Files\MATLAB\R2014a\runtime\win64;C:\Program Files\MATLAB\R2014a\bin;C:\Program Files\MATLAB\R2014a\polyspace\bin;C:\Program Files (x86)\Microsoft SQL Server\100\Tools\Binn\;C:\Program Files\Microsoft SQL Server\100\Tools\Binn\;C:\Program Files\Microsoft SQL Server\100\DTS\Binn\;C:\Program Files\Java\jdk1.8.0_144\bin;C:\Program Files (x86)\VideoLAN\VLC;C:\cygwin64\bin;C:\Program Files\node;C:\Program Files\node\node_modules\npm\bin;C:\Program Files\Git\cmd;C:\Program Files\Docker Toolbox;C:\Program Files\nodejs\;C:\Users\%USERSNAME%\AppData\Roaming\npm;C:\Users\5835512036\AppData\Local\Microsoft\WindowsApps;
USERNAME=5835512036
OS=Windows_NT
PROCESSOR_IDENTIFIER=Intel64 Family 6 Model 42 Stepping 7, GenuineIntel



---------------  S Y S T E M  ---------------

OS: Windows 10.0 , 64 bit Build 16299 (10.0.16299.15)

CPU:total 4 (initial active 4) (4 cores per cpu, 1 threads per core) family 6 model 42 stepping 7, cmov, cx8, fxsr, mmx, sse, sse2, sse3, ssse3, sse4.1, sse4.2, popcnt, avx, aes, clmul, tsc, tscinvbit

Memory: 4k page, physical 8331132k(1945680k free), swap 8331132k(492k free)

vm_info: OpenJDK 64-Bit Server VM (25.152-b01) for windows-amd64 JRE (1.8.0_152-release-915-b01), built by "builder" with MS VC++ 10.0 (VS2010)

time: Mon Feb 19 22:10:46 2018
elapsed time: 6803 seconds (0d 1h 53m 23s)

